  Assembling Ej_10_PromedioLOOP.asm...
  Assembling Ej_11_FactorialN.asm...
  Assembling Ej_12_TablaMultiplicar.asm...
  Assembling Ej_13_Intercambio_reg_pila.asm...
  Assembling Ej_9_Sumas.asm...
  Assembling P_0_Plantilla.asm...
  Assembling P_10_CHECAR_PARES_CON_LOOP.ASM...
  Assembling Ej_2_CuadradoNumero.asm...
  Assembling Ej_3_PerimetroRectangulo.asm...
  Assembling Ej_4_AreaPentagono.asm...
  Assembling Ej_5_PagaTrabajador.asm...
  Assembling Ej_6_PormedioCincoNumeros_.asm...
  Assembling Ej_7_ValorAbsoluto.asm...
  Assembling Ej_8_XYZ.asm...
  Assembling P_11_ChecarSiEsPrimo.asm...
  Assembling P_12_PilaEnEnsamblador.asm...
  Assembling P_13_IntroPila.asm...
  Assembling P_14_Instruccion_XCHG.asm...
  Assembling P_1_IntroCondicionales.asm...
  Assembling P_2_ChecarNumero.asm...
  Assembling P_3_LecturaNumeros.asm...
  Assembling P_4_EscrituraConsola.asm...
  Assembling P_5_SumaDosNumeros_.asm...
  Assembling P_6_PromedioTresNumeros.asm...
  Assembling P_7_AreaRectangulo_.asm...
  Assembling P_8_PuntoMedio.asm...
  Assembling EJ_1_AreaTriangulo.asm...
  Assembling P_9_Introduccion_LOOP.asm...
Ej_10_PromedioLOOP.obj : warning LNK4258: la directiva '/ENTRY:mainej10@0' no es compatible con el modificador '/ENTRY:mainej2'; se ha omitido
Ej_11_FactorialN.obj : warning LNK4258: la directiva '/ENTRY:mainej11@0' no es compatible con el modificador '/ENTRY:mainej2'; se ha omitido
Ej_12_TablaMultiplicar.obj : warning LNK4258: la directiva '/ENTRY:mainej12@0' no es compatible con el modificador '/ENTRY:mainej2'; se ha omitido
Ej_13_Intercambio_reg_pila.obj : warning LNK4258: la directiva '/ENTRY:mainej13@0' no es compatible con el modificador '/ENTRY:mainej2'; se ha omitido
Ej_9_Sumas.obj : warning LNK4258: la directiva '/ENTRY:mainej9@0' no es compatible con el modificador '/ENTRY:mainej2'; se ha omitido
P_0_Plantilla.obj : warning LNK4258: la directiva '/ENTRY:main@0' no es compatible con el modificador '/ENTRY:mainej2'; se ha omitido
P_10_CHECAR_PARES_CON_LOOP.obj : warning LNK4258: la directiva '/ENTRY:main10@0' no es compatible con el modificador '/ENTRY:mainej2'; se ha omitido
Ej_2_CuadradoNumero.obj : warning LNK4258: la directiva '/ENTRY:mainej2@0' no es compatible con el modificador '/ENTRY:mainej2'; se ha omitido
Ej_3_PerimetroRectangulo.obj : warning LNK4258: la directiva '/ENTRY:mainej3@0' no es compatible con el modificador '/ENTRY:mainej2'; se ha omitido
Ej_4_AreaPentagono.obj : warning LNK4258: la directiva '/ENTRY:mainej4@0' no es compatible con el modificador '/ENTRY:mainej2'; se ha omitido
Ej_5_PagaTrabajador.obj : warning LNK4258: la directiva '/ENTRY:mainej5@0' no es compatible con el modificador '/ENTRY:mainej2'; se ha omitido
Ej_6_PormedioCincoNumeros_.obj : warning LNK4258: la directiva '/ENTRY:mainej6@0' no es compatible con el modificador '/ENTRY:mainej2'; se ha omitido
Ej_7_ValorAbsoluto.obj : warning LNK4258: la directiva '/ENTRY:mainej7@0' no es compatible con el modificador '/ENTRY:mainej2'; se ha omitido
Ej_8_XYZ.obj : warning LNK4258: la directiva '/ENTRY:mainej8@0' no es compatible con el modificador '/ENTRY:mainej2'; se ha omitido
P_11_ChecarSiEsPrimo.obj : warning LNK4258: la directiva '/ENTRY:main11@0' no es compatible con el modificador '/ENTRY:mainej2'; se ha omitido
P_12_PilaEnEnsamblador.obj : warning LNK4258: la directiva '/ENTRY:main12@0' no es compatible con el modificador '/ENTRY:mainej2'; se ha omitido
P_13_IntroPila.obj : warning LNK4258: la directiva '/ENTRY:main13@0' no es compatible con el modificador '/ENTRY:mainej2'; se ha omitido
P_14_Instruccion_XCHG.obj : warning LNK4258: la directiva '/ENTRY:main14@0' no es compatible con el modificador '/ENTRY:mainej2'; se ha omitido
P_1_IntroCondicionales.obj : warning LNK4258: la directiva '/ENTRY:main1@0' no es compatible con el modificador '/ENTRY:mainej2'; se ha omitido
P_2_ChecarNumero.obj : warning LNK4258: la directiva '/ENTRY:main2@0' no es compatible con el modificador '/ENTRY:mainej2'; se ha omitido
P_3_LecturaNumeros.obj : warning LNK4258: la directiva '/ENTRY:main3@0' no es compatible con el modificador '/ENTRY:mainej2'; se ha omitido
P_4_EscrituraConsola.obj : warning LNK4258: la directiva '/ENTRY:main4@0' no es compatible con el modificador '/ENTRY:mainej2'; se ha omitido
P_5_SumaDosNumeros_.obj : warning LNK4258: la directiva '/ENTRY:main5@0' no es compatible con el modificador '/ENTRY:mainej2'; se ha omitido
P_6_PromedioTresNumeros.obj : warning LNK4258: la directiva '/ENTRY:main6@0' no es compatible con el modificador '/ENTRY:mainej2'; se ha omitido
P_7_AreaRectangulo_.obj : warning LNK4258: la directiva '/ENTRY:main7@0' no es compatible con el modificador '/ENTRY:mainej2'; se ha omitido
P_8_PuntoMedio.obj : warning LNK4258: la directiva '/ENTRY:main8@0' no es compatible con el modificador '/ENTRY:mainej2'; se ha omitido
EJ_1_AreaTriangulo.obj : warning LNK4258: la directiva '/ENTRY:mainej1@0' no es compatible con el modificador '/ENTRY:mainej2'; se ha omitido
P_9_Introduccion_LOOP.obj : warning LNK4258: la directiva '/ENTRY:main9@0' no es compatible con el modificador '/ENTRY:mainej2'; se ha omitido
  PM_Clase_Equipo_4.vcxproj -> C:\Users\JA\Desktop\Noveno\Programación de Microprocesadores\Programas\Unidad2\PM_Clase_Equipo_4\Debug\PM_Clase_Equipo_4.exe
